# JRE version: Java(TM) SE Runtime Environment (8.0_291-b10) (build 1.8.0_291-b10)
# Java VM: Java HotSpot(TM) 64-Bit Server VM (25.291-b10 mixed mode windows-amd64 compressed oops)
Heap:
 PSYoungGen      total 26624K, used 23819K [0x00000000d6300000, 0x00000000d7f80000, 0x0000000100000000)
  eden space 24064K, 96% used [0x00000000d6300000,0x00000000d79aadf8,0x00000000d7a80000)
  from space 2560K, 23% used [0x00000000d7d00000,0x00000000d7d98000,0x00000000d7f80000)
  to   space 2560K, 0% used [0x00000000d7a80000,0x00000000d7a80000,0x00000000d7d00000)
 ParOldGen       total 86016K, used 8604K [0x0000000082800000, 0x0000000087c00000, 0x00000000d6300000)
  object space 86016K, 10% used [0x0000000082800000,0x00000000830671d8,0x0000000087c00000)
 Metaspace       used 5205K, capacity 5775K, committed 5888K, reserved 1056768K
  class space    used 483K, capacity 496K, committed 512K, reserved 1048576K
GC Heap History (10 events):
Event: 111.369 GC heap before
{Heap before GC invocations=26 (full 0):
 PSYoungGen      total 27136K, used 24672K [0x00000000d6300000, 0x00000000d8080000, 0x0000000100000000)
  eden space 24064K, 100% used [0x00000000d6300000,0x00000000d7a80000,0x00000000d7a80000)
  from space 3072K, 19% used [0x00000000d7a80000,0x00000000d7b18000,0x00000000d7d80000)
  to   space 3072K, 0% used [0x00000000d7d80000,0x00000000d7d80000,0x00000000d8080000)
 ParOldGen       total 86016K, used 7484K [0x0000000082800000, 0x0000000087c00000, 0x00000000d6300000)
  object space 86016K, 8% used [0x0000000082800000,0x0000000082f4f1d8,0x0000000087c00000)
 Metaspace       used 5205K, capacity 5775K, committed 5888K, reserved 1056768K
  class space    used 483K, capacity 496K, committed 512K, reserved 1048576K
Event: 111.372 GC heap after
Heap after GC invocations=26 (full 0):
 PSYoungGen      total 26112K, used 608K [0x00000000d6300000, 0x00000000d7f80000, 0x0000000100000000)
  eden space 24064K, 0% used [0x00000000d6300000,0x00000000d6300000,0x00000000d7a80000)
  from space 2048K, 29% used [0x00000000d7d80000,0x00000000d7e18000,0x00000000d7f80000)
  to   space 2560K, 0% used [0x00000000d7a80000,0x00000000d7a80000,0x00000000d7d00000)
 ParOldGen       total 86016K, used 7716K [0x0000000082800000, 0x0000000087c00000, 0x00000000d6300000)
  object space 86016K, 8% used [0x0000000082800000,0x0000000082f891d8,0x0000000087c00000)
 Metaspace       used 5205K, capacity 5775K, committed 5888K, reserved 1056768K
  class space    used 483K, capacity 496K, committed 512K, reserved 1048576K
}
Event: 115.863 GC heap before
{Heap before GC invocations=27 (full 0):
 PSYoungGen      total 26112K, used 24672K [0x00000000d6300000, 0x00000000d7f80000, 0x0000000100000000)
  eden space 24064K, 100% used [0x00000000d6300000,0x00000000d7a80000,0x00000000d7a80000)
  from space 2048K, 29% used [0x00000000d7d80000,0x00000000d7e18000,0x00000000d7f80000)
  to   space 2560K, 0% used [0x00000000d7a80000,0x00000000d7a80000,0x00000000d7d00000)
 ParOldGen       total 86016K, used 7716K [0x0000000082800000, 0x0000000087c00000, 0x00000000d6300000)
  object space 86016K, 8% used [0x0000000082800000,0x0000000082f891d8,0x0000000087c00000)
 Metaspace       used 5205K, capacity 5775K, committed 5888K, reserved 1056768K
  class space    used 483K, capacity 496K, committed 512K, reserved 1048576K
Event: 115.867 GC heap after
Heap after GC invocations=27 (full 0):
 PSYoungGen      total 26624K, used 640K [0x00000000d6300000, 0x00000000d7f80000, 0x0000000100000000)
  eden space 24064K, 0% used [0x00000000d6300000,0x00000000d6300000,0x00000000d7a80000)
  from space 2560K, 25% used [0x00000000d7a80000,0x00000000d7b20000,0x00000000d7d00000)
  to   space 2560K, 0% used [0x00000000d7d00000,0x00000000d7d00000,0x00000000d7f80000)
 ParOldGen       total 86016K, used 7924K [0x0000000082800000, 0x0000000087c00000, 0x00000000d6300000)
  object space 86016K, 9% used [0x0000000082800000,0x0000000082fbd1d8,0x0000000087c00000)
 Metaspace       used 5205K, capacity 5775K, committed 5888K, reserved 1056768K
  class space    used 483K, capacity 496K, committed 512K, reserved 1048576K
}
Event: 119.653 GC heap before
{Heap before GC invocations=28 (full 0):
 PSYoungGen      total 26624K, used 24606K [0x00000000d6300000, 0x00000000d7f80000, 0x0000000100000000)
  eden space 24064K, 99% used [0x00000000d6300000,0x00000000d7a67aa8,0x00000000d7a80000)
  from space 2560K, 25% used [0x00000000d7a80000,0x00000000d7b20000,0x00000000d7d00000)
  to   space 2560K, 0% used [0x00000000d7d00000,0x00000000d7d00000,0x00000000d7f80000)
 ParOldGen       total 86016K, used 7924K [0x0000000082800000, 0x0000000087c00000, 0x00000000d6300000)
  object space 86016K, 9% used [0x0000000082800000,0x0000000082fbd1d8,0x0000000087c00000)
 Metaspace       used 5205K, capacity 5775K, committed 5888K, reserved 1056768K
  class space    used 483K, capacity 496K, committed 512K, reserved 1048576K
Event: 119.657 GC heap after
Heap after GC invocations=28 (full 0):
 PSYoungGen      total 26624K, used 544K [0x00000000d6300000, 0x00000000d7f80000, 0x0000000100000000)
  eden space 24064K, 0% used [0x00000000d6300000,0x00000000d6300000,0x00000000d7a80000)
  from space 2560K, 21% used [0x00000000d7d00000,0x00000000d7d88000,0x00000000d7f80000)
  to   space 2560K, 0% used [0x00000000d7a80000,0x00000000d7a80000,0x00000000d7d00000)
 ParOldGen       total 86016K, used 8164K [0x0000000082800000, 0x0000000087c00000, 0x00000000d6300000)
  object space 86016K, 9% used [0x0000000082800000,0x0000000082ff91d8,0x0000000087c00000)
 Metaspace       used 5205K, capacity 5775K, committed 5888K, reserved 1056768K
  class space    used 483K, capacity 496K, committed 512K, reserved 1048576K
}
Event: 124.000 GC heap before
{Heap before GC invocations=29 (full 0):
 PSYoungGen      total 26624K, used 24608K [0x00000000d6300000, 0x00000000d7f80000, 0x0000000100000000)
  eden space 24064K, 100% used [0x00000000d6300000,0x00000000d7a80000,0x00000000d7a80000)
  from space 2560K, 21% used [0x00000000d7d00000,0x00000000d7d88000,0x00000000d7f80000)
  to   space 2560K, 0% used [0x00000000d7a80000,0x00000000d7a80000,0x00000000d7d00000)
 ParOldGen       total 86016K, used 8164K [0x0000000082800000, 0x0000000087c00000, 0x00000000d6300000)
  object space 86016K, 9% used [0x0000000082800000,0x0000000082ff91d8,0x0000000087c00000)
 Metaspace       used 5205K, capacity 5775K, committed 5888K, reserved 1056768K
  class space    used 483K, capacity 496K, committed 512K, reserved 1048576K
Event: 124.007 GC heap after
Heap after GC invocations=29 (full 0):
 PSYoungGen      total 26624K, used 608K [0x00000000d6300000, 0x00000000d7f80000, 0x0000000100000000)
  eden space 24064K, 0% used [0x00000000d6300000,0x00000000d6300000,0x00000000d7a80000)
  from space 2560K, 23% used [0x00000000d7a80000,0x00000000d7b18000,0x00000000d7d00000)
  to   space 2560K, 0% used [0x00000000d7d00000,0x00000000d7d00000,0x00000000d7f80000)
 ParOldGen       total 86016K, used 8372K [0x0000000082800000, 0x0000000087c00000, 0x00000000d6300000)
  object space 86016K, 9% used [0x0000000082800000,0x000000008302d1d8,0x0000000087c00000)
 Metaspace       used 5205K, capacity 5775K, committed 5888K, reserved 1056768K
  class space    used 483K, capacity 496K, committed 512K, reserved 1048576K
}
Event: 128.131 GC heap before
{Heap before GC invocations=30 (full 0):
 PSYoungGen      total 26624K, used 24648K [0x00000000d6300000, 0x00000000d7f80000, 0x0000000100000000)
  eden space 24064K, 99% used [0x00000000d6300000,0x00000000d7a7a080,0x00000000d7a80000)
  from space 2560K, 23% used [0x00000000d7a80000,0x00000000d7b18000,0x00000000d7d00000)
  to   space 2560K, 0% used [0x00000000d7d00000,0x00000000d7d00000,0x00000000d7f80000)
 ParOldGen       total 86016K, used 8372K [0x0000000082800000, 0x0000000087c00000, 0x00000000d6300000)
  object space 86016K, 9% used [0x0000000082800000,0x000000008302d1d8,0x0000000087c00000)
 Metaspace       used 5205K, capacity 5775K, committed 5888K, reserved 1056768K
  class space    used 483K, capacity 496K, committed 512K, reserved 1048576K
Event: 128.133 GC heap after
Heap after GC invocations=30 (full 0):
 PSYoungGen      total 26624K, used 608K [0x00000000d6300000, 0x00000000d7f80000, 0x0000000100000000)
  eden space 24064K, 0% used [0x00000000d6300000,0x00000000d6300000,0x00000000d7a80000)
  from space 2560K, 23% used [0x00000000d7d00000,0x00000000d7d98000,0x00000000d7f80000)
  to   space 2560K, 0% used [0x00000000d7a80000,0x00000000d7a80000,0x00000000d7d00000)
 ParOldGen       total 86016K, used 8604K [0x0000000082800000, 0x0000000087c00000, 0x00000000d6300000)
  object space 86016K, 10% used [0x0000000082800000,0x00000000830671d8,0x0000000087c00000)
 Metaspace       used 5205K, capacity 5775K, committed 5888K, reserved 1056768K
  class space    used 483K, capacity 496K, committed 512K, reserved 1048576K
}

